<?xml version="1.0" encoding="UTF-8"?>
<!-- Generated by org.testng.reporters.JUnitReportReporter -->
<testsuite skipped="0" hostname="HJNZL002044" name="com.psl.runner.MenuTestRunner" tests="3" failures="0" timestamp="2023-08-12T14:39:06 IST" time="164.374" errors="0">
  <testcase name="runScenario" time="20.489" classname="com.psl.runner.MenuTestRunner"/>
  <system-out/>
  <testcase name="runScenario" time="24.237" classname="com.psl.runner.MenuTestRunner"/>
  <system-out/>
  <testcase name="runScenario" time="119.648" classname="com.psl.runner.MenuTestRunner"/>
  <system-out/>
</testsuite> <!-- com.psl.runner.MenuTestRunner -->
