<?xml version="1.0" encoding="UTF-8"?>
<!-- Generated by org.testng.reporters.JUnitReportReporter -->
<testsuite skipped="0" hostname="HJNZL002044" name="com.psl.runner.LoginTestRunner" tests="4" failures="0" timestamp="2023-08-12T14:37:49 IST" time="85.809" errors="0">
  <testcase name="runScenario" time="17.361" classname="com.psl.runner.LoginTestRunner"/>
  <system-out/>
  <testcase name="runScenario" time="25.481" classname="com.psl.runner.LoginTestRunner"/>
  <system-out/>
  <testcase name="runScenario" time="27.886" classname="com.psl.runner.LoginTestRunner"/>
  <system-out/>
  <testcase name="runScenario" time="15.081" classname="com.psl.runner.LoginTestRunner"/>
  <system-out/>
</testsuite> <!-- com.psl.runner.LoginTestRunner -->
