<?xml version="1.0" encoding="UTF-8"?>
<!-- Generated by org.testng.reporters.JUnitReportReporter -->
<testsuite hostname="HJNZL002044" failures="0" tests="4" name="com.psl.runner.TestRunner" time="261.914" errors="0" timestamp="2023-08-13T09:44:00 IST" skipped="0">
  <testcase classname="com.psl.runner.TestRunner" name="runScenario" time="65.888"/>
  <system-out/>
  <testcase classname="com.psl.runner.TestRunner" name="runScenario" time="43.754"/>
  <system-out/>
  <testcase classname="com.psl.runner.TestRunner" name="runScenario" time="52.819"/>
  <system-out/>
  <testcase classname="com.psl.runner.TestRunner" name="runScenario" time="99.453"/>
  <system-out/>
</testsuite> <!-- com.psl.runner.TestRunner -->
