<?xml version="1.0" encoding="UTF-8"?>
<!-- Generated by org.testng.reporters.JUnitReportReporter -->
<testsuite hostname="HJNZL002044" failures="0" tests="1" name="com.psl.runner.TestRunnerBrowserName" time="8.337" errors="1" timestamp="2023-08-13T09:27:54 IST" skipped="0">
  <testcase classname="com.psl.runner.TestRunnerBrowserName" name="runScenario" time="8.337">
    <error message="Cannot invoke &quot;String.replaceAll(String, String)&quot; because &quot;x&quot; is null" type="java.lang.NullPointerException">
      <![CDATA[java.lang.NullPointerException: Cannot invoke "String.replaceAll(String, String)" because "x" is null
at com.aventstack.extentreports.ExtentTest.lambda$assignCategory$0(ExtentTest.java:1021)
at java.base/java.util.Spliterators$ArraySpliterator.forEachRemaining(Spliterators.java:992)
at java.base/java.util.stream.ReferencePipeline$Head.forEach(ReferencePipeline.java:762)
at com.aventstack.extentreports.ExtentTest.assignCategory(ExtentTest.java:1020)
at com.psl.common.Hooks.setupDriver(Hooks.java:35)
]]>
    </error>
  </testcase> <!-- runScenario -->
  <system-out/>
</testsuite> <!-- com.psl.runner.TestRunnerBrowserName -->
